2020/05/08 16:37:14 INFO  - jmeter.util.JMeterUtils: Setting Locale to en_US 
2020/05/08 16:37:14 INFO  - jmeter.JMeter: Loading user properties from: /usr/share/jmeter/bin/user.properties 
2020/05/08 16:37:14 INFO  - jmeter.JMeter: Loading system properties from: /usr/share/jmeter/bin/system.properties 
2020/05/08 16:37:14 INFO  - jmeter.JMeter: Copyright (c) 1998-2015 The Apache Software Foundation 
2020/05/08 16:37:14 INFO  - jmeter.JMeter: Version 2.13.20170723 
2020/05/08 16:37:14 INFO  - jmeter.JMeter: java.version=11.0.7 
2020/05/08 16:37:14 INFO  - jmeter.JMeter: java.vm.name=OpenJDK 64-Bit Server VM 
2020/05/08 16:37:14 INFO  - jmeter.JMeter: os.name=Linux 
2020/05/08 16:37:14 INFO  - jmeter.JMeter: os.arch=amd64 
2020/05/08 16:37:14 INFO  - jmeter.JMeter: os.version=4.15.0-99-generic 
2020/05/08 16:37:14 INFO  - jmeter.JMeter: file.encoding=UTF-8 
2020/05/08 16:37:14 INFO  - jmeter.JMeter: Default Locale=English (United States) 
2020/05/08 16:37:14 INFO  - jmeter.JMeter: JMeter  Locale=English (United States) 
2020/05/08 16:37:14 INFO  - jmeter.JMeter: JMeterHome=/usr/share/jmeter 
2020/05/08 16:37:14 INFO  - jmeter.JMeter: user.dir  =/home/joana/Documents/ES/es20al_07-project/backend/jmeter 
2020/05/08 16:37:14 INFO  - jmeter.JMeter: PWD       =/home/joana/Documents/ES/es20al_07-project/backend/jmeter 
2020/05/08 16:37:15 INFO  - jmeter.JMeter: IP: 127.0.1.1 Name: joanaspc FullName: joanaspc 
2020/05/08 16:37:15 INFO  - jmeter.services.FileServer: Default base='/home/joana/Documents/ES/es20al_07-project/backend/jmeter' 
2020/05/08 16:37:15 INFO  - jmeter.services.FileServer: Set new base='/home/joana/Documents/ES/es20al_07-project/backend/jmeter/./tournament' 
2020/05/08 16:37:15 INFO  - jmeter.save.SaveService: Testplan (JMX) version: 2.2. Testlog (JTL) version: 2.2 
2020/05/08 16:37:15 INFO  - jmeter.save.SaveService: Using SaveService properties version 2.8 
2020/05/08 16:37:15 INFO  - jmeter.save.SaveService: Using SaveService properties file version 1656252 
2020/05/08 16:37:15 INFO  - jmeter.save.SaveService: Using SaveService properties file encoding UTF-8 
2020/05/08 16:37:15 INFO  - jmeter.save.SaveService: All converter versions present and correct 
2020/05/08 16:37:15 INFO  - jmeter.save.SaveService: Loading file: ./tournament/WSGetTournamentScoreboardTest.jmx 
2020/05/08 16:37:15 ERROR - jmeter.JMeter: Error in NonGUIDriver java.lang.IllegalArgumentException: Problem loading XML from:'/home/joana/Documents/ES/es20al_07-project/backend/jmeter/./tournament/WSGetTournamentScoreboardTest.jmx', conversion error com.thoughtworks.xstream.converters.ConversionException: 
---- Debugging information ----
cause-exception     : com.thoughtworks.xstream.converters.ConversionException
cause-message       : 
first-jmeter-class  : org.apache.jmeter.save.converters.HashTreeConverter.unmarshal(HashTreeConverter.java:67)
class               : org.apache.jmeter.save.ScriptWrapper
required-type       : org.apache.jmeter.save.ScriptWrapper
converter-type      : org.apache.jmeter.save.ScriptWrapperConverter
path                : /jmeterTestPlan/hashTree/hashTree/hashTree[2]/JDBCDataSource
line number         : 49
version             : 2.13.20170723
-------------------------------
	at org.apache.jmeter.save.SaveService.readTree(SaveService.java:586)
	at org.apache.jmeter.save.SaveService.loadTree(SaveService.java:537)
	at org.apache.jmeter.JMeter.runNonGui(JMeter.java:751)
	at org.apache.jmeter.JMeter.startNonGui(JMeter.java:738)
	at org.apache.jmeter.JMeter.start(JMeter.java:397)
	at java.base/jdk.internal.reflect.NativeMethodAccessorImpl.invoke0(Native Method)
	at java.base/jdk.internal.reflect.NativeMethodAccessorImpl.invoke(NativeMethodAccessorImpl.java:62)
	at java.base/jdk.internal.reflect.DelegatingMethodAccessorImpl.invoke(DelegatingMethodAccessorImpl.java:43)
	at java.base/java.lang.reflect.Method.invoke(Method.java:566)
	at org.apache.jmeter.NewDriver.main(NewDriver.java:264)
Caused by: com.thoughtworks.xstream.converters.ConversionException: 
---- Debugging information ----
cause-exception     : com.thoughtworks.xstream.converters.ConversionException
cause-message       : 
first-jmeter-class  : org.apache.jmeter.save.converters.HashTreeConverter.unmarshal(HashTreeConverter.java:67)
class               : org.apache.jmeter.save.ScriptWrapper
required-type       : org.apache.jmeter.save.ScriptWrapper
converter-type      : org.apache.jmeter.save.ScriptWrapperConverter
path                : /jmeterTestPlan/hashTree/hashTree/hashTree[2]/JDBCDataSource
line number         : 49
version             : 2.13.20170723
-------------------------------
	at org.apache.jmeter.save.ScriptWrapperConverter.createConversionException(ScriptWrapperConverter.java:105)
	at org.apache.jmeter.save.ScriptWrapperConverter.unmarshal(ScriptWrapperConverter.java:99)
	at com.thoughtworks.xstream.core.TreeUnmarshaller.convert(TreeUnmarshaller.java:72)
	at com.thoughtworks.xstream.core.AbstractReferenceUnmarshaller.convert(AbstractReferenceUnmarshaller.java:72)
	at com.thoughtworks.xstream.core.TreeUnmarshaller.convertAnother(TreeUnmarshaller.java:66)
	at com.thoughtworks.xstream.core.TreeUnmarshaller.convertAnother(TreeUnmarshaller.java:50)
	at com.thoughtworks.xstream.core.TreeUnmarshaller.start(TreeUnmarshaller.java:134)
	at com.thoughtworks.xstream.core.AbstractTreeMarshallingStrategy.unmarshal(AbstractTreeMarshallingStrategy.java:32)
	at com.thoughtworks.xstream.XStream.unmarshal(XStream.java:1487)
	at com.thoughtworks.xstream.XStream.unmarshal(XStream.java:1467)
	at com.thoughtworks.xstream.XStream.fromXML(XStream.java:1338)
	at org.apache.jmeter.save.SaveService.readTree(SaveService.java:559)
	... 9 more
Caused by: com.thoughtworks.xstream.converters.ConversionException: 
---- Debugging information ----
cause-exception     : com.thoughtworks.xstream.mapper.CannotResolveClassException
cause-message       : org.apache.jmeter.protocol.jdbc.config.DataSourceElement
class               : org.apache.jorphan.collections.ListedHashTree
required-type       : org.apache.jorphan.collections.ListedHashTree
converter-type      : org.apache.jmeter.save.converters.HashTreeConverter
path                : /jmeterTestPlan/hashTree/hashTree/hashTree[2]/JDBCDataSource
line number         : 49
-------------------------------
	at com.thoughtworks.xstream.core.TreeUnmarshaller.convert(TreeUnmarshaller.java:77)
	at com.thoughtworks.xstream.core.AbstractReferenceUnmarshaller.convert(AbstractReferenceUnmarshaller.java:72)
	at com.thoughtworks.xstream.core.TreeUnmarshaller.convertAnother(TreeUnmarshaller.java:66)
	at com.thoughtworks.xstream.core.TreeUnmarshaller.convertAnother(TreeUnmarshaller.java:50)
	at com.thoughtworks.xstream.converters.collections.AbstractCollectionConverter.readBareItem(AbstractCollectionConverter.java:132)
	at com.thoughtworks.xstream.converters.collections.AbstractCollectionConverter.readItem(AbstractCollectionConverter.java:117)
	at org.apache.jmeter.save.converters.HashTreeConverter.unmarshal(HashTreeConverter.java:67)
	at com.thoughtworks.xstream.core.TreeUnmarshaller.convert(TreeUnmarshaller.java:72)
	at com.thoughtworks.xstream.core.AbstractReferenceUnmarshaller.convert(AbstractReferenceUnmarshaller.java:72)
	at com.thoughtworks.xstream.core.TreeUnmarshaller.convertAnother(TreeUnmarshaller.java:66)
	at com.thoughtworks.xstream.core.TreeUnmarshaller.convertAnother(TreeUnmarshaller.java:50)
	at com.thoughtworks.xstream.converters.collections.AbstractCollectionConverter.readBareItem(AbstractCollectionConverter.java:132)
	at com.thoughtworks.xstream.converters.collections.AbstractCollectionConverter.readItem(AbstractCollectionConverter.java:117)
	at org.apache.jmeter.save.converters.HashTreeConverter.unmarshal(HashTreeConverter.java:67)
	at com.thoughtworks.xstream.core.TreeUnmarshaller.convert(TreeUnmarshaller.java:72)
	at com.thoughtworks.xstream.core.AbstractReferenceUnmarshaller.convert(AbstractReferenceUnmarshaller.java:72)
	at com.thoughtworks.xstream.core.TreeUnmarshaller.convertAnother(TreeUnmarshaller.java:66)
	at com.thoughtworks.xstream.core.TreeUnmarshaller.convertAnother(TreeUnmarshaller.java:50)
	at org.apache.jmeter.save.ScriptWrapperConverter.unmarshal(ScriptWrapperConverter.java:95)
	... 19 more
Caused by: com.thoughtworks.xstream.mapper.CannotResolveClassException: org.apache.jmeter.protocol.jdbc.config.DataSourceElement
	at com.thoughtworks.xstream.mapper.DefaultMapper.realClass(DefaultMapper.java:81)
	at com.thoughtworks.xstream.mapper.MapperWrapper.realClass(MapperWrapper.java:125)
	at com.thoughtworks.xstream.mapper.DynamicProxyMapper.realClass(DynamicProxyMapper.java:55)
	at com.thoughtworks.xstream.mapper.MapperWrapper.realClass(MapperWrapper.java:125)
	at com.thoughtworks.xstream.mapper.PackageAliasingMapper.realClass(PackageAliasingMapper.java:88)
	at com.thoughtworks.xstream.mapper.MapperWrapper.realClass(MapperWrapper.java:125)
	at com.thoughtworks.xstream.mapper.ClassAliasingMapper.realClass(ClassAliasingMapper.java:79)
	at com.thoughtworks.xstream.mapper.MapperWrapper.realClass(MapperWrapper.java:125)
	at com.thoughtworks.xstream.mapper.ArrayMapper.realClass(ArrayMapper.java:74)
	at com.thoughtworks.xstream.mapper.MapperWrapper.realClass(MapperWrapper.java:125)
	at com.thoughtworks.xstream.mapper.SecurityMapper.realClass(SecurityMapper.java:71)
	at com.thoughtworks.xstream.mapper.MapperWrapper.realClass(MapperWrapper.java:125)
	at org.apache.jmeter.save.SaveService$XStreamWrapper$1.realClass(SaveService.java:94)
	at com.thoughtworks.xstream.mapper.MapperWrapper.realClass(MapperWrapper.java:125)
	at com.thoughtworks.xstream.mapper.CachingMapper.realClass(CachingMapper.java:47)
	at com.thoughtworks.xstream.core.util.HierarchicalStreams.readClassType(HierarchicalStreams.java:29)
	at com.thoughtworks.xstream.converters.collections.AbstractCollectionConverter.readBareItem(AbstractCollectionConverter.java:131)
	at com.thoughtworks.xstream.converters.collections.AbstractCollectionConverter.readItem(AbstractCollectionConverter.java:117)
	at org.apache.jmeter.save.converters.HashTreeConverter.unmarshal(HashTreeConverter.java:67)
	at com.thoughtworks.xstream.core.TreeUnmarshaller.convert(TreeUnmarshaller.java:72)
	... 37 more

